<?xml version="1.0" encoding="UTF-8"?>
<!-- Generated by org.testng.reporters.JUnitReportReporter -->
<testsuite hostname="LAPTOP-J0EAE7UH" failures="0" tests="1" name="test.EditUser" time="34.212" errors="0" timestamp="2024-06-19T11:49:09 IST" skipped="0">
  <testcase classname="test.EditUser" name="editAnExistingUser" time="34.212"/>
</testsuite> <!-- test.EditUser -->
