<?xml version="1.0" encoding="UTF-8"?>
<!-- Generated by org.testng.reporters.JUnitReportReporter -->
<testsuite hostname="LAPTOP-J0EAE7UH" failures="0" tests="1" name="test.Users" time="25.228" errors="0" timestamp="2024-06-19T11:52:45 IST" skipped="0">
  <testcase classname="test.Users" name="verifySearchByField" time="25.228"/>
</testsuite> <!-- test.Users -->
