<?xml version="1.0" encoding="UTF-8"?>
<!-- Generated by org.testng.reporters.JUnitReportReporter -->
<testsuite hostname="LAPTOP-J0EAE7UH" failures="0" tests="2" name="test.ResetPageTest" time="45.215" errors="0" timestamp="2024-06-19T11:50:44 IST" skipped="0">
  <testcase classname="test.ResetPageTest" name="verifyForgotpasswordWithValidEmailid" time="20.251"/>
  <testcase classname="test.ResetPageTest" name="verifyForgotpasswordWithInvalidEmailid" time="24.964"/>
</testsuite> <!-- test.ResetPageTest -->
