<?xml version="1.0" encoding="UTF-8"?>
<!-- Generated by org.testng.reporters.JUnitReportReporter -->
<testsuite hostname="LAPTOP-J0EAE7UH" failures="0" tests="3" name="test.AddUser" time="139.438" errors="0" timestamp="2024-06-19T11:46:45 IST" skipped="0">
  <testcase classname="test.AddUser" name="verifyUserLoginWithNewAddedUser" time="48.346"/>
  <testcase classname="test.AddUser" name="verifyAddingUser" time="37.593"/>
  <testcase classname="test.AddUser" name="verifyDeleteingNewlyAddedUser" time="53.499"/>
</testsuite> <!-- test.AddUser -->
