<?xml version="1.0" encoding="UTF-8"?>
<!-- Generated by org.testng.reporters.JUnitReportReporter -->
<testsuite hostname="LAPTOP-J0EAE7UH" failures="0" tests="4" name="test.LoginPageTest" time="69.971" errors="0" timestamp="2024-06-19T15:52:36 IST" skipped="0">
  <testcase classname="test.LoginPageTest" name="verifyUserLoginWithValidCredentials" time="26.588"/>
  <testcase classname="test.LoginPageTest" name="verifyUserLoginWithInvalidCredential" time="14.842"/>
  <testcase classname="test.LoginPageTest" name="verifyUserLoginWithInvalidCredential" time="4.612"/>
  <testcase classname="test.LoginPageTest" name="verifyUserLoginWithInvalidCredential" time="23.929"/>
</testsuite> <!-- test.LoginPageTest -->
